<?xml version="1.0" encoding="UTF-8"?>
<!-- Generated by org.testng.reporters.JUnitReportReporter -->
<testsuite hostname="gipl180" name="AdvanceSelenium.Login_Script" tests="4" failures="0" timestamp="12 Mar 2021 12:43:37 GMT" time="5.234" errors="0">
  <testcase name="open_login_page" time="0.488" classname="AdvanceSelenium.Login_Script"/>
  <testcase name="Blank_data" time="0.127" classname="AdvanceSelenium.Login_Script"/>
  <testcase name="Blank_password" time="2.492" classname="AdvanceSelenium.Login_Script"/>
  <testcase name="invalid_email" time="2.127" classname="AdvanceSelenium.Login_Script"/>
</testsuite> <!-- AdvanceSelenium.Login_Script -->
