<?xml version="1.0" encoding="UTF-8"?>
<!-- Generated by org.testng.reporters.JUnitReportReporter -->
<testsuite skipped="0" hostname="gipl-207" name="AdvanceSelenium.Login_Script" tests="4" failures="0" timestamp="12 Mar 2021 13:17:37 GMT" time="5.682" errors="0">
  <testcase name="open_login_page" time="0.630" classname="AdvanceSelenium.Login_Script"/>
  <testcase name="Blank_data" time="0.330" classname="AdvanceSelenium.Login_Script"/>
  <testcase name="Blank_password" time="2.367" classname="AdvanceSelenium.Login_Script"/>
  <testcase name="invalid_email" time="2.355" classname="AdvanceSelenium.Login_Script"/>
</testsuite> <!-- AdvanceSelenium.Login_Script -->
