<?xml version="1.0" encoding="UTF-8"?>
<!-- Generated by org.testng.reporters.JUnitReportReporter -->
<testsuite skipped="5" hostname="gipl-207" name="AdvanceSelenium.Homepage" tests="6" failures="0" timestamp="15 Mar 2021 09:12:37 GMT" time="2.939" errors="0">
  <testcase name="testNew" time="2.939" classname="AdvanceSelenium.Homepage"/>
  <testcase name="loggingOutput" classname="AdvanceSelenium.Homepage">
    <skipped/>
  </testcase> <!-- loggingOutput -->
  <testcase name="validateHeaderLinks" classname="AdvanceSelenium.Homepage">
    <skipped/>
  </testcase> <!-- validateHeaderLinks -->
  <testcase name="getFromExcel" classname="AdvanceSelenium.Homepage">
    <skipped/>
  </testcase> <!-- getFromExcel -->
  <testcase name="validatePopUP" classname="AdvanceSelenium.Homepage">
    <skipped/>
  </testcase> <!-- validatePopUP -->
  <testcase name="brokenLinks" classname="AdvanceSelenium.Homepage">
    <skipped/>
  </testcase> <!-- brokenLinks -->
</testsuite> <!-- AdvanceSelenium.Homepage -->
